# JRE version: OpenJDK Runtime Environment Temurin-21.0.9+10 (21.0.9+10) (build 21.0.9+10-LTS)
# Java VM: OpenJDK 64-Bit Server VM Temurin-21.0.9+10 (21.0.9+10-LTS, mixed mode, sharing, tiered, compressed oops, compressed class ptrs, parallel gc, windows-amd64)
GC Precious Log:
 CardTable entry size: 512
 CPUs: 12 total, 12 available
 Memory: 7971M
 Large Page Support: Disabled
 NUMA Support: Disabled
 Compressed Oops: Enabled (32-bit)
 Alignments: Space 512K, Generation 512K, Heap 2M
 Heap Min Capacity: 100M
 Heap Initial Capacity: 100M
 Heap Max Capacity: 2G
 Pre-touch: Disabled
 Parallel Workers: 10
Heap:
 PSYoungGen      total 8704K, used 7865K [0x00000000d5580000, 0x00000000d6000000, 0x0000000100000000)
  eden space 7680K, 95% used [0x00000000d5580000,0x00000000d5caa7c8,0x00000000d5d00000)
  from space 1024K, 51% used [0x00000000d5e80000,0x00000000d5f04030,0x00000000d5f80000)
  to   space 512K, 0% used [0x00000000d5f80000,0x00000000d5f80000,0x00000000d6000000)
 ParOldGen       total 1009664K, used 192964K [0x0000000080000000, 0x00000000bda00000, 0x00000000d5580000)
  object space 1009664K, 19% used [0x0000000080000000,0x000000008bc713d8,0x00000000bda00000)
 Metaspace       used 33372K, committed 34496K, reserved 1114112K
  class space    used 2965K, committed 3456K, reserved 1048576K
GC Heap History (20 events):
Event: 24247.071 GC heap before
{Heap before GC invocations=2034 (full 2):
 PSYoungGen      total 8704K, used 7680K [0x00000000d5580000, 0x00000000d6400000, 0x0000000100000000)
  eden space 7680K, 100% used [0x00000000d5580000,0x00000000d5d00000,0x00000000d5d00000)
  from space 1024K, 0% used [0x00000000d5d00000,0x00000000d5d00000,0x00000000d5e00000)
  to   space 2560K, 0% used [0x00000000d6180000,0x00000000d6180000,0x00000000d6400000)
 ParOldGen       total 1009664K, used 125762K [0x0000000080000000, 0x00000000bda00000, 0x00000000d5580000)
  object space 1009664K, 12% used [0x0000000080000000,0x0000000087ad0a58,0x00000000bda00000)
 Metaspace       used 31649K, committed 33344K, reserved 1114112K
  class space    used 2755K, committed 3392K, reserved 1048576K
}
Event: 24247.076 GC heap after
{Heap after GC invocations=2034 (full 2):
 PSYoungGen      total 8704K, used 980K [0x00000000d5580000, 0x00000000d6280000, 0x0000000100000000)
  eden space 7680K, 0% used [0x00000000d5580000,0x00000000d5580000,0x00000000d5d00000)
  from space 1024K, 95% used [0x00000000d6180000,0x00000000d62750d8,0x00000000d6280000)
  to   space 1536K, 0% used [0x00000000d5f80000,0x00000000d5f80000,0x00000000d6100000)
 ParOldGen       total 1009664K, used 125762K [0x0000000080000000, 0x00000000bda00000, 0x00000000d5580000)
  object space 1009664K, 12% used [0x0000000080000000,0x0000000087ad0a58,0x00000000bda00000)
 Metaspace       used 31649K, committed 33344K, reserved 1114112K
  class space    used 2755K, committed 3392K, reserved 1048576K
}
Event: 24247.304 GC heap before
{Heap before GC invocations=2035 (full 2):
 PSYoungGen      total 8704K, used 8660K [0x00000000d5580000, 0x00000000d6280000, 0x0000000100000000)
  eden space 7680K, 100% used [0x00000000d5580000,0x00000000d5d00000,0x00000000d5d00000)
  from space 1024K, 95% used [0x00000000d6180000,0x00000000d62750d8,0x00000000d6280000)
  to   space 1536K, 0% used [0x00000000d5f80000,0x00000000d5f80000,0x00000000d6100000)
 ParOldGen       total 1009664K, used 125762K [0x0000000080000000, 0x00000000bda00000, 0x00000000d5580000)
  object space 1009664K, 12% used [0x0000000080000000,0x0000000087ad0a58,0x00000000bda00000)
 Metaspace       used 31788K, committed 33344K, reserved 1114112K
  class space    used 2759K, committed 3392K, reserved 1048576K
}
Event: 24247.307 GC heap after
{Heap after GC invocations=2035 (full 2):
 PSYoungGen      total 9216K, used 1212K [0x00000000d5580000, 0x00000000d6200000, 0x0000000100000000)
  eden space 7680K, 0% used [0x00000000d5580000,0x00000000d5580000,0x00000000d5d00000)
  from space 1536K, 78% used [0x00000000d5f80000,0x00000000d60af080,0x00000000d6100000)
  to   space 1024K, 0% used [0x00000000d6100000,0x00000000d6100000,0x00000000d6200000)
 ParOldGen       total 1009664K, used 126595K [0x0000000080000000, 0x00000000bda00000, 0x00000000d5580000)
  object space 1009664K, 12% used [0x0000000080000000,0x0000000087ba0d50,0x00000000bda00000)
 Metaspace       used 31788K, committed 33344K, reserved 1114112K
  class space    used 2759K, committed 3392K, reserved 1048576K
}
Event: 24247.475 GC heap before
{Heap before GC invocations=2036 (full 2):
 PSYoungGen      total 9216K, used 8892K [0x00000000d5580000, 0x00000000d6200000, 0x0000000100000000)
  eden space 7680K, 100% used [0x00000000d5580000,0x00000000d5d00000,0x00000000d5d00000)
  from space 1536K, 78% used [0x00000000d5f80000,0x00000000d60af080,0x00000000d6100000)
  to   space 1024K, 0% used [0x00000000d6100000,0x00000000d6100000,0x00000000d6200000)
 ParOldGen       total 1009664K, used 126595K [0x0000000080000000, 0x00000000bda00000, 0x00000000d5580000)
  object space 1009664K, 12% used [0x0000000080000000,0x0000000087ba0d50,0x00000000bda00000)
 Metaspace       used 32051K, committed 33408K, reserved 1114112K
  class space    used 2782K, committed 3392K, reserved 1048576K
}
Event: 24247.477 GC heap after
{Heap after GC invocations=2036 (full 2):
 PSYoungGen      total 8704K, used 646K [0x00000000d5580000, 0x00000000d6200000, 0x0000000100000000)
  eden space 7680K, 0% used [0x00000000d5580000,0x00000000d5580000,0x00000000d5d00000)
  from space 1024K, 63% used [0x00000000d6100000,0x00000000d61a1990,0x00000000d6200000)
  to   space 1024K, 0% used [0x00000000d6000000,0x00000000d6000000,0x00000000d6100000)
 ParOldGen       total 1009664K, used 127159K [0x0000000080000000, 0x00000000bda00000, 0x00000000d5580000)
  object space 1009664K, 12% used [0x0000000080000000,0x0000000087c2de50,0x00000000bda00000)
 Metaspace       used 32051K, committed 33408K, reserved 1114112K
  class space    used 2782K, committed 3392K, reserved 1048576K
}
Event: 24247.602 GC heap before
{Heap before GC invocations=2037 (full 2):
 PSYoungGen      total 8704K, used 8326K [0x00000000d5580000, 0x00000000d6200000, 0x0000000100000000)
  eden space 7680K, 100% used [0x00000000d5580000,0x00000000d5d00000,0x00000000d5d00000)
  from space 1024K, 63% used [0x00000000d6100000,0x00000000d61a1990,0x00000000d6200000)
  to   space 1024K, 0% used [0x00000000d6000000,0x00000000d6000000,0x00000000d6100000)
 ParOldGen       total 1009664K, used 127159K [0x0000000080000000, 0x00000000bda00000, 0x00000000d5580000)
  object space 1009664K, 12% used [0x0000000080000000,0x0000000087c2de50,0x00000000bda00000)
 Metaspace       used 32136K, committed 33408K, reserved 1114112K
  class space    used 2789K, committed 3392K, reserved 1048576K
}
Event: 24247.603 GC heap after
{Heap after GC invocations=2037 (full 2):
 PSYoungGen      total 8704K, used 608K [0x00000000d5580000, 0x00000000d6180000, 0x0000000100000000)
  eden space 7680K, 0% used [0x00000000d5580000,0x00000000d5580000,0x00000000d5d00000)
  from space 1024K, 59% used [0x00000000d6000000,0x00000000d6098000,0x00000000d6100000)
  to   space 512K, 0% used [0x00000000d6100000,0x00000000d6100000,0x00000000d6180000)
 ParOldGen       total 1009664K, used 127439K [0x0000000080000000, 0x00000000bda00000, 0x00000000d5580000)
  object space 1009664K, 12% used [0x0000000080000000,0x0000000087c73e50,0x00000000bda00000)
 Metaspace       used 32136K, committed 33408K, reserved 1114112K
  class space    used 2789K, committed 3392K, reserved 1048576K
}
Event: 24247.663 GC heap before
{Heap before GC invocations=2038 (full 2):
 PSYoungGen      total 8704K, used 8288K [0x00000000d5580000, 0x00000000d6180000, 0x0000000100000000)
  eden space 7680K, 100% used [0x00000000d5580000,0x00000000d5d00000,0x00000000d5d00000)
  from space 1024K, 59% used [0x00000000d6000000,0x00000000d6098000,0x00000000d6100000)
  to   space 512K, 0% used [0x00000000d6100000,0x00000000d6100000,0x00000000d6180000)
 ParOldGen       total 1009664K, used 127439K [0x0000000080000000, 0x00000000bda00000, 0x00000000d5580000)
  object space 1009664K, 12% used [0x0000000080000000,0x0000000087c73e50,0x00000000bda00000)
 Metaspace       used 32179K, committed 33472K, reserved 1114112K
  class space    used 2789K, committed 3392K, reserved 1048576K
}
Event: 24247.672 GC heap after
{Heap after GC invocations=2038 (full 2):
 PSYoungGen      total 8192K, used 488K [0x00000000d5580000, 0x00000000d6300000, 0x0000000100000000)
  eden space 7680K, 0% used [0x00000000d5580000,0x00000000d5580000,0x00000000d5d00000)
  from space 512K, 95% used [0x00000000d6100000,0x00000000d617a088,0x00000000d6180000)
  to   space 3072K, 0% used [0x00000000d5d00000,0x00000000d5d00000,0x00000000d6000000)
 ParOldGen       total 1009664K, used 129557K [0x0000000080000000, 0x00000000bda00000, 0x00000000d5580000)
  object space 1009664K, 12% used [0x0000000080000000,0x0000000087e85780,0x00000000bda00000)
 Metaspace       used 32179K, committed 33472K, reserved 1114112K
  class space    used 2789K, committed 3392K, reserved 1048576K
}
Event: 24247.813 GC heap before
{Heap before GC invocations=2039 (full 2):
 PSYoungGen      total 8192K, used 8168K [0x00000000d5580000, 0x00000000d6300000, 0x0000000100000000)
  eden space 7680K, 100% used [0x00000000d5580000,0x00000000d5d00000,0x00000000d5d00000)
  from space 512K, 95% used [0x00000000d6100000,0x00000000d617a088,0x00000000d6180000)
  to   space 3072K, 0% used [0x00000000d5d00000,0x00000000d5d00000,0x00000000d6000000)
 ParOldGen       total 1009664K, used 129557K [0x0000000080000000, 0x00000000bda00000, 0x00000000d5580000)
  object space 1009664K, 12% used [0x0000000080000000,0x0000000087e85780,0x00000000bda00000)
 Metaspace       used 32260K, committed 33472K, reserved 1114112K
  class space    used 2800K, committed 3392K, reserved 1048576K
}
Event: 24247.814 GC heap after
{Heap after GC invocations=2039 (full 2):
 PSYoungGen      total 10752K, used 895K [0x00000000d5580000, 0x00000000d6180000, 0x0000000100000000)
  eden space 7680K, 0% used [0x00000000d5580000,0x00000000d5580000,0x00000000d5d00000)
  from space 3072K, 29% used [0x00000000d5d00000,0x00000000d5ddfe50,0x00000000d6000000)
  to   space 1536K, 0% used [0x00000000d6000000,0x00000000d6000000,0x00000000d6180000)
 ParOldGen       total 1009664K, used 130014K [0x0000000080000000, 0x00000000bda00000, 0x00000000d5580000)
  object space 1009664K, 12% used [0x0000000080000000,0x0000000087ef7808,0x00000000bda00000)
 Metaspace       used 32260K, committed 33472K, reserved 1114112K
  class space    used 2800K, committed 3392K, reserved 1048576K
}
Event: 24247.883 GC heap before
{Heap before GC invocations=2040 (full 2):
 PSYoungGen      total 10752K, used 8575K [0x00000000d5580000, 0x00000000d6180000, 0x0000000100000000)
  eden space 7680K, 100% used [0x00000000d5580000,0x00000000d5d00000,0x00000000d5d00000)
  from space 3072K, 29% used [0x00000000d5d00000,0x00000000d5ddfe50,0x00000000d6000000)
  to   space 1536K, 0% used [0x00000000d6000000,0x00000000d6000000,0x00000000d6180000)
 ParOldGen       total 1009664K, used 130014K [0x0000000080000000, 0x00000000bda00000, 0x00000000d5580000)
  object space 1009664K, 12% used [0x0000000080000000,0x0000000087ef7808,0x00000000bda00000)
 Metaspace       used 32469K, committed 33664K, reserved 1114112K
  class space    used 2811K, committed 3392K, reserved 1048576K
}
Event: 24247.885 GC heap after
{Heap after GC invocations=2040 (full 2):
 PSYoungGen      total 8192K, used 352K [0x00000000d5580000, 0x00000000d6080000, 0x0000000100000000)
  eden space 7680K, 0% used [0x00000000d5580000,0x00000000d5580000,0x00000000d5d00000)
  from space 512K, 68% used [0x00000000d6000000,0x00000000d6058000,0x00000000d6080000)
  to   space 1024K, 0% used [0x00000000d5e80000,0x00000000d5e80000,0x00000000d5f80000)
 ParOldGen       total 1009664K, used 130821K [0x0000000080000000, 0x00000000bda00000, 0x00000000d5580000)
  object space 1009664K, 12% used [0x0000000080000000,0x0000000087fc1658,0x00000000bda00000)
 Metaspace       used 32469K, committed 33664K, reserved 1114112K
  class space    used 2811K, committed 3392K, reserved 1048576K
}
Event: 24248.057 GC heap before
{Heap before GC invocations=2041 (full 2):
 PSYoungGen      total 8192K, used 8032K [0x00000000d5580000, 0x00000000d6080000, 0x0000000100000000)
  eden space 7680K, 100% used [0x00000000d5580000,0x00000000d5d00000,0x00000000d5d00000)
  from space 512K, 68% used [0x00000000d6000000,0x00000000d6058000,0x00000000d6080000)
  to   space 1024K, 0% used [0x00000000d5e80000,0x00000000d5e80000,0x00000000d5f80000)
 ParOldGen       total 1009664K, used 130821K [0x0000000080000000, 0x00000000bda00000, 0x00000000d5580000)
  object space 1009664K, 12% used [0x0000000080000000,0x0000000087fc1658,0x00000000bda00000)
 Metaspace       used 33085K, committed 34176K, reserved 1114112K
  class space    used 2942K, committed 3392K, reserved 1048576K
}
Event: 24248.060 GC heap after
{Heap after GC invocations=2041 (full 2):
 PSYoungGen      total 8704K, used 576K [0x00000000d5580000, 0x00000000d6080000, 0x0000000100000000)
  eden space 7680K, 0% used [0x00000000d5580000,0x00000000d5580000,0x00000000d5d00000)
  from space 1024K, 56% used [0x00000000d5e80000,0x00000000d5f10020,0x00000000d5f80000)
  to   space 1024K, 0% used [0x00000000d5f80000,0x00000000d5f80000,0x00000000d6080000)
 ParOldGen       total 1009664K, used 131004K [0x0000000080000000, 0x00000000bda00000, 0x00000000d5580000)
  object space 1009664K, 12% used [0x0000000080000000,0x0000000087fef358,0x00000000bda00000)
 Metaspace       used 33085K, committed 34176K, reserved 1114112K
  class space    used 2942K, committed 3392K, reserved 1048576K
}
Event: 24335.462 GC heap before
{Heap before GC invocations=2042 (full 2):
 PSYoungGen      total 8704K, used 8256K [0x00000000d5580000, 0x00000000d6080000, 0x0000000100000000)
  eden space 7680K, 100% used [0x00000000d5580000,0x00000000d5d00000,0x00000000d5d00000)
  from space 1024K, 56% used [0x00000000d5e80000,0x00000000d5f10020,0x00000000d5f80000)
  to   space 1024K, 0% used [0x00000000d5f80000,0x00000000d5f80000,0x00000000d6080000)
 ParOldGen       total 1009664K, used 131004K [0x0000000080000000, 0x00000000bda00000, 0x00000000d5580000)
  object space 1009664K, 12% used [0x0000000080000000,0x0000000087fef358,0x00000000bda00000)
 Metaspace       used 33189K, committed 34240K, reserved 1114112K
  class space    used 2948K, committed 3392K, reserved 1048576K
}
Event: 24335.562 GC heap after
{Heap after GC invocations=2042 (full 2):
 PSYoungGen      total 8704K, used 528K [0x00000000d5580000, 0x00000000d6080000, 0x0000000100000000)
  eden space 7680K, 0% used [0x00000000d5580000,0x00000000d5580000,0x00000000d5d00000)
  from space 1024K, 51% used [0x00000000d5f80000,0x00000000d6004030,0x00000000d6080000)
  to   space 1024K, 0% used [0x00000000d5e80000,0x00000000d5e80000,0x00000000d5f80000)
 ParOldGen       total 1009664K, used 131332K [0x0000000080000000, 0x00000000bda00000, 0x00000000d5580000)
  object space 1009664K, 13% used [0x0000000080000000,0x0000000088041378,0x00000000bda00000)
 Metaspace       used 33189K, committed 34240K, reserved 1114112K
  class space    used 2948K, committed 3392K, reserved 1048576K
}
Event: 24491.307 GC heap before
{Heap before GC invocations=2043 (full 2):
 PSYoungGen      total 8704K, used 8208K [0x00000000d5580000, 0x00000000d6080000, 0x0000000100000000)
  eden space 7680K, 100% used [0x00000000d5580000,0x00000000d5d00000,0x00000000d5d00000)
  from space 1024K, 51% used [0x00000000d5f80000,0x00000000d6004030,0x00000000d6080000)
  to   space 1024K, 0% used [0x00000000d5e80000,0x00000000d5e80000,0x00000000d5f80000)
 ParOldGen       total 1009664K, used 162052K [0x0000000080000000, 0x00000000bda00000, 0x00000000d5580000)
  object space 1009664K, 16% used [0x0000000080000000,0x0000000089e413a8,0x00000000bda00000)
 Metaspace       used 33235K, committed 34240K, reserved 1114112K
  class space    used 2949K, committed 3392K, reserved 1048576K
}
Event: 24491.404 GC heap after
{Heap after GC invocations=2043 (full 2):
 PSYoungGen      total 8704K, used 528K [0x00000000d5580000, 0x00000000d6000000, 0x0000000100000000)
  eden space 7680K, 0% used [0x00000000d5580000,0x00000000d5580000,0x00000000d5d00000)
  from space 1024K, 51% used [0x00000000d5e80000,0x00000000d5f04030,0x00000000d5f80000)
  to   space 512K, 0% used [0x00000000d5f80000,0x00000000d5f80000,0x00000000d6000000)
 ParOldGen       total 1009664K, used 162244K [0x0000000080000000, 0x00000000bda00000, 0x00000000d5580000)
  object space 1009664K, 16% used [0x0000000080000000,0x0000000089e713a8,0x00000000bda00000)
 Metaspace       used 33235K, committed 34240K, reserved 1114112K
  class space    used 2949K, committed 3392K, reserved 1048576K
}

