# JRE version: OpenJDK Runtime Environment Temurin-21.0.9+10 (21.0.9+10) (build 21.0.9+10-LTS)
# Java VM: OpenJDK 64-Bit Server VM Temurin-21.0.9+10 (21.0.9+10-LTS, mixed mode, sharing, tiered, compressed oops, compressed class ptrs, parallel gc, windows-amd64)
GC Precious Log:
 CardTable entry size: 512
 CPUs: 12 total, 12 available
 Memory: 7971M
 Large Page Support: Disabled
 NUMA Support: Disabled
 Compressed Oops: Enabled (32-bit)
 Alignments: Space 512K, Generation 512K, Heap 2M
 Heap Min Capacity: 100M
 Heap Initial Capacity: 100M
 Heap Max Capacity: 2G
 Pre-touch: Disabled
 Parallel Workers: 10
Heap:
 PSYoungGen      total 9216K, used 8162K [0x00000000d5580000, 0x00000000d5f80000, 0x0000000100000000)
  eden space 8192K, 92% used [0x00000000d5580000,0x00000000d5ce3680,0x00000000d5d80000)
  from space 1024K, 58% used [0x00000000d5e80000,0x00000000d5f15430,0x00000000d5f80000)
  to   space 1024K, 0% used [0x00000000d5d80000,0x00000000d5d80000,0x00000000d5e80000)
 ParOldGen       total 141312K, used 138415K [0x0000000080000000, 0x0000000088a00000, 0x00000000d5580000)
  object space 141312K, 97% used [0x0000000080000000,0x000000008872be40,0x0000000088a00000)
 Metaspace       used 63403K, committed 64960K, reserved 1114112K
  class space    used 6749K, committed 7424K, reserved 1048576K
GC Heap History (20 events):
Event: 22.453 GC heap before
{Heap before GC invocations=150 (full 3):
 PSYoungGen      total 9728K, used 9688K [0x00000000d5580000, 0x00000000d6480000, 0x0000000100000000)
  eden space 8704K, 99% used [0x00000000d5580000,0x00000000d5dfcf28,0x00000000d5e00000)
  from space 1024K, 97% used [0x00000000d6080000,0x00000000d6179228,0x00000000d6180000)
  to   space 2560K, 0% used [0x00000000d5e00000,0x00000000d5e00000,0x00000000d6080000)
 ParOldGen       total 94208K, used 71711K [0x0000000080000000, 0x0000000085c00000, 0x00000000d5580000)
  object space 94208K, 76% used [0x0000000080000000,0x0000000084607d38,0x0000000085c00000)
 Metaspace       used 59167K, committed 60608K, reserved 1114112K
  class space    used 6348K, committed 6912K, reserved 1048576K
}
Event: 22.456 GC heap after
{Heap after GC invocations=150 (full 3):
 PSYoungGen      total 9728K, used 631K [0x00000000d5580000, 0x00000000d6100000, 0x0000000100000000)
  eden space 8704K, 0% used [0x00000000d5580000,0x00000000d5580000,0x00000000d5e00000)
  from space 1024K, 61% used [0x00000000d5e00000,0x00000000d5e9de68,0x00000000d5f00000)
  to   space 1536K, 0% used [0x00000000d5f80000,0x00000000d5f80000,0x00000000d6100000)
 ParOldGen       total 94208K, used 72627K [0x0000000080000000, 0x0000000085c00000, 0x00000000d5580000)
  object space 94208K, 77% used [0x0000000080000000,0x00000000846ecdb8,0x0000000085c00000)
 Metaspace       used 59167K, committed 60608K, reserved 1114112K
  class space    used 6348K, committed 6912K, reserved 1048576K
}
Event: 22.547 GC heap before
{Heap before GC invocations=151 (full 3):
 PSYoungGen      total 9728K, used 9332K [0x00000000d5580000, 0x00000000d6100000, 0x0000000100000000)
  eden space 8704K, 99% used [0x00000000d5580000,0x00000000d5dff4d0,0x00000000d5e00000)
  from space 1024K, 61% used [0x00000000d5e00000,0x00000000d5e9de68,0x00000000d5f00000)
  to   space 1536K, 0% used [0x00000000d5f80000,0x00000000d5f80000,0x00000000d6100000)
 ParOldGen       total 94208K, used 72627K [0x0000000080000000, 0x0000000085c00000, 0x00000000d5580000)
  object space 94208K, 77% used [0x0000000080000000,0x00000000846ecdb8,0x0000000085c00000)
 Metaspace       used 59560K, committed 60928K, reserved 1114112K
  class space    used 6378K, committed 6912K, reserved 1048576K
}
Event: 22.549 GC heap after
{Heap after GC invocations=151 (full 3):
 PSYoungGen      total 9216K, used 480K [0x00000000d5580000, 0x00000000d6000000, 0x0000000100000000)
  eden space 8704K, 0% used [0x00000000d5580000,0x00000000d5580000,0x00000000d5e00000)
  from space 512K, 93% used [0x00000000d5f80000,0x00000000d5ff8010,0x00000000d6000000)
  to   space 1024K, 0% used [0x00000000d5e00000,0x00000000d5e00000,0x00000000d5f00000)
 ParOldGen       total 94208K, used 73108K [0x0000000080000000, 0x0000000085c00000, 0x00000000d5580000)
  object space 94208K, 77% used [0x0000000080000000,0x0000000084765190,0x0000000085c00000)
 Metaspace       used 59560K, committed 60928K, reserved 1114112K
  class space    used 6378K, committed 6912K, reserved 1048576K
}
Event: 22.976 GC heap before
{Heap before GC invocations=152 (full 3):
 PSYoungGen      total 9216K, used 9183K [0x00000000d5580000, 0x00000000d6000000, 0x0000000100000000)
  eden space 8704K, 99% used [0x00000000d5580000,0x00000000d5dffe78,0x00000000d5e00000)
  from space 512K, 93% used [0x00000000d5f80000,0x00000000d5ff8010,0x00000000d6000000)
  to   space 1024K, 0% used [0x00000000d5e00000,0x00000000d5e00000,0x00000000d5f00000)
 ParOldGen       total 94208K, used 73108K [0x0000000080000000, 0x0000000085c00000, 0x00000000d5580000)
  object space 94208K, 77% used [0x0000000080000000,0x0000000084765190,0x0000000085c00000)
 Metaspace       used 60304K, committed 61696K, reserved 1114112K
  class space    used 6450K, committed 7040K, reserved 1048576K
}
Event: 22.979 GC heap after
{Heap after GC invocations=152 (full 3):
 PSYoungGen      total 9728K, used 712K [0x00000000d5580000, 0x00000000d6000000, 0x0000000100000000)
  eden space 8704K, 0% used [0x00000000d5580000,0x00000000d5580000,0x00000000d5e00000)
  from space 1024K, 69% used [0x00000000d5e00000,0x00000000d5eb2010,0x00000000d5f00000)
  to   space 1024K, 0% used [0x00000000d5f00000,0x00000000d5f00000,0x00000000d6000000)
 ParOldGen       total 94208K, used 73363K [0x0000000080000000, 0x0000000085c00000, 0x00000000d5580000)
  object space 94208K, 77% used [0x0000000080000000,0x00000000847a4e20,0x0000000085c00000)
 Metaspace       used 60304K, committed 61696K, reserved 1114112K
  class space    used 6450K, committed 7040K, reserved 1048576K
}
Event: 23.134 GC heap before
{Heap before GC invocations=153 (full 3):
 PSYoungGen      total 9728K, used 9413K [0x00000000d5580000, 0x00000000d6000000, 0x0000000100000000)
  eden space 8704K, 99% used [0x00000000d5580000,0x00000000d5dff458,0x00000000d5e00000)
  from space 1024K, 69% used [0x00000000d5e00000,0x00000000d5eb2010,0x00000000d5f00000)
  to   space 1024K, 0% used [0x00000000d5f00000,0x00000000d5f00000,0x00000000d6000000)
 ParOldGen       total 94208K, used 73363K [0x0000000080000000, 0x0000000085c00000, 0x00000000d5580000)
  object space 94208K, 77% used [0x0000000080000000,0x00000000847a4e20,0x0000000085c00000)
 Metaspace       used 60495K, committed 61952K, reserved 1114112K
  class space    used 6464K, committed 7104K, reserved 1048576K
}
Event: 23.135 GC heap after
{Heap after GC invocations=153 (full 3):
 PSYoungGen      total 9728K, used 634K [0x00000000d5580000, 0x00000000d6000000, 0x0000000100000000)
  eden space 8704K, 0% used [0x00000000d5580000,0x00000000d5580000,0x00000000d5e00000)
  from space 1024K, 61% used [0x00000000d5f00000,0x00000000d5f9e900,0x00000000d6000000)
  to   space 1024K, 0% used [0x00000000d5e00000,0x00000000d5e00000,0x00000000d5f00000)
 ParOldGen       total 94208K, used 73644K [0x0000000080000000, 0x0000000085c00000, 0x00000000d5580000)
  object space 94208K, 78% used [0x0000000080000000,0x00000000847eb290,0x0000000085c00000)
 Metaspace       used 60495K, committed 61952K, reserved 1114112K
  class space    used 6464K, committed 7104K, reserved 1048576K
}
Event: 32.413 GC heap before
{Heap before GC invocations=154 (full 3):
 PSYoungGen      total 9728K, used 9338K [0x00000000d5580000, 0x00000000d6000000, 0x0000000100000000)
  eden space 8704K, 100% used [0x00000000d5580000,0x00000000d5e00000,0x00000000d5e00000)
  from space 1024K, 61% used [0x00000000d5f00000,0x00000000d5f9e900,0x00000000d6000000)
  to   space 1024K, 0% used [0x00000000d5e00000,0x00000000d5e00000,0x00000000d5f00000)
 ParOldGen       total 94208K, used 73644K [0x0000000080000000, 0x0000000085c00000, 0x00000000d5580000)
  object space 94208K, 78% used [0x0000000080000000,0x00000000847eb290,0x0000000085c00000)
 Metaspace       used 60717K, committed 62144K, reserved 1114112K
  class space    used 6468K, committed 7104K, reserved 1048576K
}
Event: 32.416 GC heap after
{Heap after GC invocations=154 (full 3):
 PSYoungGen      total 9728K, used 416K [0x00000000d5580000, 0x00000000d5f80000, 0x0000000100000000)
  eden space 8704K, 0% used [0x00000000d5580000,0x00000000d5580000,0x00000000d5e00000)
  from space 1024K, 40% used [0x00000000d5e00000,0x00000000d5e68000,0x00000000d5f00000)
  to   space 512K, 0% used [0x00000000d5f00000,0x00000000d5f00000,0x00000000d5f80000)
 ParOldGen       total 94208K, used 74081K [0x0000000080000000, 0x0000000085c00000, 0x00000000d5580000)
  object space 94208K, 78% used [0x0000000080000000,0x00000000848584a0,0x0000000085c00000)
 Metaspace       used 60717K, committed 62144K, reserved 1114112K
  class space    used 6468K, committed 7104K, reserved 1048576K
}
Event: 853.864 GC heap before
{Heap before GC invocations=155 (full 3):
 PSYoungGen      total 9728K, used 9120K [0x00000000d5580000, 0x00000000d5f80000, 0x0000000100000000)
  eden space 8704K, 100% used [0x00000000d5580000,0x00000000d5e00000,0x00000000d5e00000)
  from space 1024K, 40% used [0x00000000d5e00000,0x00000000d5e68000,0x00000000d5f00000)
  to   space 512K, 0% used [0x00000000d5f00000,0x00000000d5f00000,0x00000000d5f80000)
 ParOldGen       total 94208K, used 74081K [0x0000000080000000, 0x0000000085c00000, 0x00000000d5580000)
  object space 94208K, 78% used [0x0000000080000000,0x00000000848584a0,0x0000000085c00000)
 Metaspace       used 61463K, committed 62848K, reserved 1114112K
  class space    used 6539K, committed 7168K, reserved 1048576K
}
Event: 853.968 GC heap after
{Heap after GC invocations=155 (full 3):
 PSYoungGen      total 8704K, used 512K [0x00000000d5580000, 0x00000000d6100000, 0x0000000100000000)
  eden space 8192K, 0% used [0x00000000d5580000,0x00000000d5580000,0x00000000d5d80000)
  from space 512K, 100% used [0x00000000d5f00000,0x00000000d5f80000,0x00000000d5f80000)
  to   space 1536K, 0% used [0x00000000d5d80000,0x00000000d5d80000,0x00000000d5f00000)
 ParOldGen       total 94208K, used 74733K [0x0000000080000000, 0x0000000085c00000, 0x00000000d5580000)
  object space 94208K, 79% used [0x0000000080000000,0x00000000848fb4c0,0x0000000085c00000)
 Metaspace       used 61463K, committed 62848K, reserved 1114112K
  class space    used 6539K, committed 7168K, reserved 1048576K
}
Event: 855.362 GC heap before
{Heap before GC invocations=156 (full 3):
 PSYoungGen      total 8704K, used 8704K [0x00000000d5580000, 0x00000000d6100000, 0x0000000100000000)
  eden space 8192K, 100% used [0x00000000d5580000,0x00000000d5d80000,0x00000000d5d80000)
  from space 512K, 100% used [0x00000000d5f00000,0x00000000d5f80000,0x00000000d5f80000)
  to   space 1536K, 0% used [0x00000000d5d80000,0x00000000d5d80000,0x00000000d5f00000)
 ParOldGen       total 94208K, used 74733K [0x0000000080000000, 0x0000000085c00000, 0x00000000d5580000)
  object space 94208K, 79% used [0x0000000080000000,0x00000000848fb4c0,0x0000000085c00000)
 Metaspace       used 61952K, committed 63360K, reserved 1114112K
  class space    used 6606K, committed 7232K, reserved 1048576K
}
Event: 855.370 GC heap after
{Heap after GC invocations=156 (full 3):
 PSYoungGen      total 9728K, used 1104K [0x00000000d5580000, 0x00000000d6080000, 0x0000000100000000)
  eden space 8192K, 0% used [0x00000000d5580000,0x00000000d5580000,0x00000000d5d80000)
  from space 1536K, 71% used [0x00000000d5d80000,0x00000000d5e94010,0x00000000d5f00000)
  to   space 1536K, 0% used [0x00000000d5f00000,0x00000000d5f00000,0x00000000d6080000)
 ParOldGen       total 94208K, used 75241K [0x0000000080000000, 0x0000000085c00000, 0x00000000d5580000)
  object space 94208K, 79% used [0x0000000080000000,0x000000008497a698,0x0000000085c00000)
 Metaspace       used 61952K, committed 63360K, reserved 1114112K
  class space    used 6606K, committed 7232K, reserved 1048576K
}
Event: 855.624 GC heap before
{Heap before GC invocations=157 (full 3):
 PSYoungGen      total 9728K, used 9296K [0x00000000d5580000, 0x00000000d6080000, 0x0000000100000000)
  eden space 8192K, 100% used [0x00000000d5580000,0x00000000d5d80000,0x00000000d5d80000)
  from space 1536K, 71% used [0x00000000d5d80000,0x00000000d5e94010,0x00000000d5f00000)
  to   space 1536K, 0% used [0x00000000d5f00000,0x00000000d5f00000,0x00000000d6080000)
 ParOldGen       total 94208K, used 75241K [0x0000000080000000, 0x0000000085c00000, 0x00000000d5580000)
  object space 94208K, 79% used [0x0000000080000000,0x000000008497a698,0x0000000085c00000)
 Metaspace       used 62190K, committed 63680K, reserved 1114112K
  class space    used 6639K, committed 7296K, reserved 1048576K
}
Event: 855.632 GC heap after
{Heap after GC invocations=157 (full 3):
 PSYoungGen      total 9728K, used 1248K [0x00000000d5580000, 0x00000000d6080000, 0x0000000100000000)
  eden space 8192K, 0% used [0x00000000d5580000,0x00000000d5580000,0x00000000d5d80000)
  from space 1536K, 81% used [0x00000000d5f00000,0x00000000d6038000,0x00000000d6080000)
  to   space 1536K, 0% used [0x00000000d5d80000,0x00000000d5d80000,0x00000000d5f00000)
 ParOldGen       total 94208K, used 75985K [0x0000000080000000, 0x0000000085c00000, 0x00000000d5580000)
  object space 94208K, 80% used [0x0000000080000000,0x0000000084a346b8,0x0000000085c00000)
 Metaspace       used 62190K, committed 63680K, reserved 1114112K
  class space    used 6639K, committed 7296K, reserved 1048576K
}
Event: 856.072 GC heap before
{Heap before GC invocations=158 (full 3):
 PSYoungGen      total 9728K, used 9440K [0x00000000d5580000, 0x00000000d6080000, 0x0000000100000000)
  eden space 8192K, 100% used [0x00000000d5580000,0x00000000d5d80000,0x00000000d5d80000)
  from space 1536K, 81% used [0x00000000d5f00000,0x00000000d6038000,0x00000000d6080000)
  to   space 1536K, 0% used [0x00000000d5d80000,0x00000000d5d80000,0x00000000d5f00000)
 ParOldGen       total 94208K, used 75985K [0x0000000080000000, 0x0000000085c00000, 0x00000000d5580000)
  object space 94208K, 80% used [0x0000000080000000,0x0000000084a346b8,0x0000000085c00000)
 Metaspace       used 62533K, committed 64064K, reserved 1114112K
  class space    used 6687K, committed 7360K, reserved 1048576K
}
Event: 856.076 GC heap after
{Heap after GC invocations=158 (full 3):
 PSYoungGen      total 9216K, used 576K [0x00000000d5580000, 0x00000000d5f80000, 0x0000000100000000)
  eden space 8192K, 0% used [0x00000000d5580000,0x00000000d5580000,0x00000000d5d80000)
  from space 1024K, 56% used [0x00000000d5d80000,0x00000000d5e10000,0x00000000d5e80000)
  to   space 1024K, 0% used [0x00000000d5e80000,0x00000000d5e80000,0x00000000d5f80000)
 ParOldGen       total 94208K, used 76593K [0x0000000080000000, 0x0000000085c00000, 0x00000000d5580000)
  object space 94208K, 81% used [0x0000000080000000,0x0000000084acc6b8,0x0000000085c00000)
 Metaspace       used 62533K, committed 64064K, reserved 1114112K
  class space    used 6687K, committed 7360K, reserved 1048576K
}
Event: 1157.237 GC heap before
{Heap before GC invocations=159 (full 3):
 PSYoungGen      total 9216K, used 8768K [0x00000000d5580000, 0x00000000d5f80000, 0x0000000100000000)
  eden space 8192K, 100% used [0x00000000d5580000,0x00000000d5d80000,0x00000000d5d80000)
  from space 1024K, 56% used [0x00000000d5d80000,0x00000000d5e10000,0x00000000d5e80000)
  to   space 1024K, 0% used [0x00000000d5e80000,0x00000000d5e80000,0x00000000d5f80000)
 ParOldGen       total 117760K, used 107313K [0x0000000080000000, 0x0000000087300000, 0x00000000d5580000)
  object space 117760K, 91% used [0x0000000080000000,0x00000000868cc6e8,0x0000000087300000)
 Metaspace       used 63240K, committed 64768K, reserved 1114112K
  class space    used 6745K, committed 7424K, reserved 1048576K
}
Event: 1157.321 GC heap after
{Heap after GC invocations=159 (full 3):
 PSYoungGen      total 9216K, used 597K [0x00000000d5580000, 0x00000000d5f80000, 0x0000000100000000)
  eden space 8192K, 0% used [0x00000000d5580000,0x00000000d5580000,0x00000000d5d80000)
  from space 1024K, 58% used [0x00000000d5e80000,0x00000000d5f15430,0x00000000d5f80000)
  to   space 1024K, 0% used [0x00000000d5d80000,0x00000000d5d80000,0x00000000d5e80000)
 ParOldGen       total 117760K, used 107695K [0x0000000080000000, 0x0000000087300000, 0x00000000d5580000)
  object space 117760K, 91% used [0x0000000080000000,0x000000008692be10,0x0000000087300000)
 Metaspace       used 63240K, committed 64768K, reserved 1114112K
  class space    used 6745K, committed 7424K, reserved 1048576K
}

